Build started 11/15/2017 5:06:13 AM.
     1>Project "C:\Users\TheOddSheep\Desktop\3rd Year\Datastructures and Algorithms\CWRepo\CheckersCW\CheckersCW.vcxproj" on node 2 (Build target(s)).
     1>ClCompile:
         C:\Program Files (x86)\Microsoft Visual Studio 12.0\VC\bin\CL.exe /c /ZI /nologo /W3 /WX- /sdl- /Od /Oy- /D WIN32 /D _DEBUG /D _CONSOLE /D _LIB /D _UNICODE /D UNICODE /Gm /EHsc /RTC1 /MDd /GS /fp:precise /Zc:wchar_t /Zc:forScope /Fo"Debug\\" /Fd"Debug\vc120.pdb" /Gd /TP /analyze- /errorReport:prompt CheckersBoard.cpp
         CheckersBoard.cpp
     1>c:\program files (x86)\microsoft visual studio 12.0\vc\include\xutility(2132): warning C4996: 'std::_Copy_impl': Function call with parameters that may be unsafe - this call relies on the caller to check that the passed values are correct. To disable this warning, use -D_SCL_SECURE_NO_WARNINGS. See documentation on how to use Visual C++ 'Checked Iterators'
                 c:\program files (x86)\microsoft visual studio 12.0\vc\include\xutility(2113) : see declaration of 'std::_Copy_impl'
                 c:\users\theoddsheep\desktop\3rd year\datastructures and algorithms\cwrepo\checkerscw\checkersboard.cpp(216) : see reference to function template instantiation '_OutIt std::copy<const CheckerEnum*,CheckerEnum*>(_InIt,_InIt,_OutIt)' being compiled
                 with
                 [
                     _OutIt=CheckerEnum *
         ,            _InIt=const CheckerEnum *
                 ]
     1>c:\users\theoddsheep\desktop\3rd year\datastructures and algorithms\cwrepo\checkerscw\checkersboard.cpp(787): warning C4715: 'CheckersBoard::Choices' : not all control paths return a value
     1>c:\users\theoddsheep\desktop\3rd year\datastructures and algorithms\cwrepo\checkerscw\checkersboard.cpp(731): warning C4715: 'CheckersBoard::CanJumpAgain' : not all control paths return a value
       Link:
         C:\Program Files (x86)\Microsoft Visual Studio 12.0\VC\bin\link.exe /ERRORREPORT:PROMPT /OUT:"C:\Users\TheOddSheep\Desktop\3rd Year\Datastructures and Algorithms\CWRepo\Debug\CheckersCW.exe" /INCREMENTAL /NOLOGO kernel32.lib user32.lib gdi32.lib winspool.lib comdlg32.lib advapi32.lib shell32.lib ole32.lib oleaut32.lib uuid.lib odbc32.lib odbccp32.lib /MANIFEST /MANIFESTUAC:"level='asInvoker' uiAccess='false'" /manifest:embed /DEBUG /PDB:"C:\Users\TheOddSheep\Desktop\3rd Year\Datastructures and Algorithms\CWRepo\Debug\CheckersCW.pdb" /SUBSYSTEM:CONSOLE /TLBID:1 /DYNAMICBASE /NXCOMPAT /IMPLIB:"C:\Users\TheOddSheep\Desktop\3rd Year\Datastructures and Algorithms\CWRepo\Debug\CheckersCW.lib" /MACHINE:X86 Debug\CheckersBoard.obj
         Debug\Source.obj
         CheckersCW.vcxproj -> C:\Users\TheOddSheep\Desktop\3rd Year\Datastructures and Algorithms\CWRepo\Debug\CheckersCW.exe
     1>Done Building Project "C:\Users\TheOddSheep\Desktop\3rd Year\Datastructures and Algorithms\CWRepo\CheckersCW\CheckersCW.vcxproj" (Build target(s)).

Build succeeded.

Time Elapsed 00:00:00.60
